app/build/outputs/logs/manifest-merger-debug-report.txt
-- Merging decision tree log ---
manifest
ADDED from src/main/AndroidManifest.xml:2:1-76:12
	package
		ADDED from src/main/AndroidManifest.xml:3:5-54
		INJECTED from src/main/AndroidManifest.xml
		INJECTED from src/main/AndroidManifest.xml
	android:versionName
		INJECTED from src/main/AndroidManifest.xml
		INJECTED from src/main/AndroidManifest.xml
	xmlns:android
		ADDED from src/main/AndroidManifest.xml:2:11-69
	android:versionCode
		INJECTED from src/main/AndroidManifest.xml
		INJECTED from src/main/AndroidManifest.xml
supports-screens
ADDED from src/main/AndroidManifest.xml:5:5-8:39
	android:largeScreens
		ADDED from src/main/AndroidManifest.xml:6:9-36
	android:smallScreens
		ADDED from src/main/AndroidManifest.xml:8:9-36
	android:normalScreens
		ADDED from src/main/AndroidManifest.xml:7:9-37
	android:xlargeScreens
		ADDED from src/main/AndroidManifest.xml:5:23-51
uses-permission#android.permission.INTERNET
ADDED from src/main/AndroidManifest.xml:10:5-67
MERGED from [com.instabug.library:instabug:4.0.2] AndroidManifest.xml:15:5-67
	android:name
		ADDED from src/main/AndroidManifest.xml:10:22-64
uses-permission#android.permission.ACCESS_NETWORK_STATE
ADDED from src/main/AndroidManifest.xml:11:5-79
MERGED from [com.instabug.library:instabug:4.0.2] AndroidManifest.xml:9:5-79
	android:name
		ADDED from src/main/AndroidManifest.xml:11:22-76
uses-permission#android.permission.ACCESS_WIFI_STATE
ADDED from src/main/AndroidManifest.xml:12:5-76
MERGED from [com.instabug.library:instabug:4.0.2] AndroidManifest.xml:12:5-76
	android:name
		ADDED from src/main/AndroidManifest.xml:12:22-73
uses-permission#android.permission.WRITE_EXTERNAL_STORAGE
ADDED from src/main/AndroidManifest.xml:13:5-81
MERGED from [com.instabug.library:instabug:4.0.2] AndroidManifest.xml:10:5-81
	android:name
		ADDED from src/main/AndroidManifest.xml:13:22-78
uses-permission#android.permission.READ_EXTERNAL_STORAGE
ADDED from src/main/AndroidManifest.xml:14:5-80
MERGED from [com.instabug.library:instabug:4.0.2] AndroidManifest.xml:11:5-80
	android:name
		ADDED from src/main/AndroidManifest.xml:14:22-77
uses-permission#android.permission.CAMERA
ADDED from src/main/AndroidManifest.xml:15:5-64
	android:name
		ADDED from src/main/AndroidManifest.xml:15:22-62
uses-feature#android.hardware.camera.autofocus
ADDED from src/main/AndroidManifest.xml:17:5-70
	android:name
		ADDED from src/main/AndroidManifest.xml:17:19-67
uses-feature#android.hardware.camera.flash
ADDED from src/main/AndroidManifest.xml:18:5-91
	android:required
		ADDED from src/main/AndroidManifest.xml:18:64-88
	android:name
		ADDED from src/main/AndroidManifest.xml:18:19-63
uses-feature#android.hardware.camera
ADDED from src/main/AndroidManifest.xml:19:5-59
	android:name
		ADDED from src/main/AndroidManifest.xml:19:19-57
uses-feature#android.hardware.screen.landscape
ADDED from src/main/AndroidManifest.xml:20:5-69
	android:name
		ADDED from src/main/AndroidManifest.xml:20:19-67
application
ADDED from src/main/AndroidManifest.xml:22:5-74:19
MERGED from [com.android.support:design:25.2.0] AndroidManifest.xml:25:5-20
MERGED from [com.android.support:transition:25.2.0] AndroidManifest.xml:22:5-20
MERGED from [com.android.support:appcompat-v7:25.2.0] AndroidManifest.xml:25:5-20
MERGED from [com.android.support:animated-vector-drawable:25.2.0] AndroidManifest.xml:22:5-20
MERGED from [com.android.support:support-vector-drawable:25.2.0] AndroidManifest.xml:23:5-20
MERGED from [com.instabug.library:instabug:4.0.2] AndroidManifest.xml:17:5-37:19
MERGED from [com.android.support:support-v4:25.2.0] AndroidManifest.xml:25:5-20
MERGED from [com.android.support:support-fragment:25.2.0] AndroidManifest.xml:25:5-20
MERGED from [com.android.support:support-media-compat:25.2.0] AndroidManifest.xml:25:5-20
MERGED from [com.android.support:support-core-ui:25.2.0] AndroidManifest.xml:25:5-20
MERGED from [com.android.support:support-core-utils:25.2.0] AndroidManifest.xml:25:5-20
MERGED from [com.android.support:support-compat:25.2.0] AndroidManifest.xml:25:5-20
	android:label
		ADDED from src/main/AndroidManifest.xml:25:9-41
	android:supportsRtl
		ADDED from src/main/AndroidManifest.xml:26:9-35
	android:allowBackup
		ADDED from src/main/AndroidManifest.xml:23:9-35
	android:icon
		ADDED from src/main/AndroidManifest.xml:24:9-43
	android:theme
		ADDED from src/main/AndroidManifest.xml:28:9-40
	android:name
		ADDED from src/main/AndroidManifest.xml:27:9-46
activity#expmanager.idea.spark.in.expensemanager.SplashScreen
ADDED from src/main/AndroidManifest.xml:30:9-39:20
	android:screenOrientation
		ADDED from src/main/AndroidManifest.xml:33:13-50
	android:name
		ADDED from src/main/AndroidManifest.xml:31:13-41
intent-filter#android.intent.action.MAIN+android.intent.category.LAUNCHER
ADDED from src/main/AndroidManifest.xml:34:13-38:29
action#android.intent.action.MAIN
ADDED from src/main/AndroidManifest.xml:35:17-69
	android:name
		ADDED from src/main/AndroidManifest.xml:35:25-66
category#android.intent.category.LAUNCHER
ADDED from src/main/AndroidManifest.xml:37:17-77
	android:name
		ADDED from src/main/AndroidManifest.xml:37:27-74
activity#expmanager.idea.spark.in.expensemanager.ForgotPasswordActivity
ADDED from src/main/AndroidManifest.xml:41:9-43:53
	android:screenOrientation
		ADDED from src/main/AndroidManifest.xml:43:13-50
	android:name
		ADDED from src/main/AndroidManifest.xml:42:13-51
activity#expmanager.idea.spark.in.expensemanager.StaffActivity
ADDED from src/main/AndroidManifest.xml:44:9-46:53
	android:screenOrientation
		ADDED from src/main/AndroidManifest.xml:46:13-50
	android:name
		ADDED from src/main/AndroidManifest.xml:45:13-42
activity#expmanager.idea.spark.in.expensemanager.MainActivity
ADDED from src/main/AndroidManifest.xml:47:9-49:53
	android:screenOrientation
		ADDED from src/main/AndroidManifest.xml:49:13-50
	android:name
		ADDED from src/main/AndroidManifest.xml:48:13-41
activity#expmanager.idea.spark.in.expensemanager.SignUpActivity
ADDED from src/main/AndroidManifest.xml:50:9-52:53
	android:screenOrientation
		ADDED from src/main/AndroidManifest.xml:52:13-50
	android:name
		ADDED from src/main/AndroidManifest.xml:51:13-43
activity#expmanager.idea.spark.in.expensemanager.LoginActivity
ADDED from src/main/AndroidManifest.xml:53:9-56:53
	android:screenOrientation
		ADDED from src/main/AndroidManifest.xml:56:13-50
	android:windowSoftInputMode
		ADDED from src/main/AndroidManifest.xml:55:13-64
	android:name
		ADDED from src/main/AndroidManifest.xml:54:13-42
activity#expmanager.idea.spark.in.expensemanager.AdminActivity
ADDED from src/main/AndroidManifest.xml:57:9-59:53
	android:screenOrientation
		ADDED from src/main/AndroidManifest.xml:59:13-50
	android:name
		ADDED from src/main/AndroidManifest.xml:58:13-42
activity#expmanager.idea.spark.in.expensemanager.UsePinActivity
ADDED from src/main/AndroidManifest.xml:61:9-63:53
	android:screenOrientation
		ADDED from src/main/AndroidManifest.xml:63:13-50
	android:name
		ADDED from src/main/AndroidManifest.xml:62:13-43
activity#expmanager.idea.spark.in.expensemanager.ForgotPinActivity
ADDED from src/main/AndroidManifest.xml:65:9-67:53
	android:screenOrientation
		ADDED from src/main/AndroidManifest.xml:67:13-50
	android:name
		ADDED from src/main/AndroidManifest.xml:66:13-46
activity#expmanager.idea.spark.in.expensemanager.ocr_usage.CaptureActivity
ADDED from src/main/AndroidManifest.xml:69:9-70:53
	android:screenOrientation
		ADDED from src/main/AndroidManifest.xml:70:13-50
	android:name
		ADDED from src/main/AndroidManifest.xml:69:19-60
activity#expmanager.idea.spark.in.expensemanager.ocr_usage.HelpActivity
ADDED from src/main/AndroidManifest.xml:71:9-72:53
	android:screenOrientation
		ADDED from src/main/AndroidManifest.xml:72:13-50
	android:name
		ADDED from src/main/AndroidManifest.xml:71:19-57
uses-sdk
INJECTED from src/main/AndroidManifest.xml reason: use-sdk injection requested
MERGED from [com.android.support:design:25.2.0] AndroidManifest.xml:21:5-23:62
MERGED from [com.android.support:transition:25.2.0] AndroidManifest.xml:20:5-44
MERGED from [com.thoughtbot:expandablerecyclerview:1.0] AndroidManifest.xml:8:5-10:41
MERGED from [com.android.support:appcompat-v7:25.2.0] AndroidManifest.xml:21:5-23:78
MERGED from [com.android.support:animated-vector-drawable:25.2.0] AndroidManifest.xml:20:5-44
MERGED from [com.android.support:support-vector-drawable:25.2.0] AndroidManifest.xml:21:5-43
MERGED from [com.android.support:recyclerview-v7:25.2.0] AndroidManifest.xml:20:5-43
MERGED from [com.rmtheis:tess-two:6.0.4] AndroidManifest.xml:22:5-24:41
MERGED from [com.instabug.library:instabug:4.0.2] AndroidManifest.xml:5:5-7:41
MERGED from [com.android.support:multidex:1.0.1] AndroidManifest.xml:18:5-42
MERGED from [io.reactivex:rxandroid:1.2.0] AndroidManifest.xml:19:5-43
MERGED from [com.android.support:support-v4:25.2.0] AndroidManifest.xml:21:5-23:54
MERGED from [com.android.support:support-fragment:25.2.0] AndroidManifest.xml:21:5-23:60
MERGED from [com.android.support:support-media-compat:25.2.0] AndroidManifest.xml:21:5-23:63
MERGED from [com.android.support:support-core-ui:25.2.0] AndroidManifest.xml:21:5-23:58
MERGED from [com.android.support:support-core-utils:25.2.0] AndroidManifest.xml:21:5-23:61
MERGED from [com.android.support:support-compat:25.2.0] AndroidManifest.xml:21:5-23:58
	tools:overrideLibrary
		ADDED from [com.android.support:design:25.2.0] AndroidManifest.xml:23:9-59
	android:targetSdkVersion
		INJECTED from src/main/AndroidManifest.xml
		INJECTED from src/main/AndroidManifest.xml
	android:minSdkVersion
		INJECTED from src/main/AndroidManifest.xml
		INJECTED from src/main/AndroidManifest.xml
uses-permission#android.permission.RECORD_AUDIO
ADDED from [com.instabug.library:instabug:4.0.2] AndroidManifest.xml:13:5-71
	android:name
		ADDED from [com.instabug.library:instabug:4.0.2] AndroidManifest.xml:13:22-68
uses-permission#android.permission.MODIFY_AUDIO_SETTINGS
ADDED from [com.instabug.library:instabug:4.0.2] AndroidManifest.xml:14:5-80
	android:name
		ADDED from [com.instabug.library:instabug:4.0.2] AndroidManifest.xml:14:22-77
activity#com.instabug.library.InstabugFeedbackActivity
ADDED from [com.instabug.library:instabug:4.0.2] AndroidManifest.xml:18:9-22:58
	android:launchMode
		ADDED from [com.instabug.library:instabug:4.0.2] AndroidManifest.xml:20:13-43
	android:windowSoftInputMode
		ADDED from [com.instabug.library:instabug:4.0.2] AndroidManifest.xml:22:13-55
	android:theme
		ADDED from [com.instabug.library:instabug:4.0.2] AndroidManifest.xml:21:13-52
	android:name
		ADDED from [com.instabug.library:instabug:4.0.2] AndroidManifest.xml:19:13-73
service#com.instabug.library.network.worker.uploader.InstabugSessionUploaderService
ADDED from [com.instabug.library:instabug:4.0.2] AndroidManifest.xml:24:9-111
	android:name
		ADDED from [com.instabug.library:instabug:4.0.2] AndroidManifest.xml:24:18-108
service#com.instabug.library.bugreporting.network.InstabugBugsUploaderService
ADDED from [com.instabug.library:instabug:4.0.2] AndroidManifest.xml:25:9-105
	android:name
		ADDED from [com.instabug.library:instabug:4.0.2] AndroidManifest.xml:25:18-102
service#com.instabug.library.crashreporting.network.InstabugCrashesUploaderService
ADDED from [com.instabug.library:instabug:4.0.2] AndroidManifest.xml:26:9-110
	android:name
		ADDED from [com.instabug.library:instabug:4.0.2] AndroidManifest.xml:26:18-107
service#com.instabug.library.messaging.InstabugMessageUploaderService
ADDED from [com.instabug.library:instabug:4.0.2] AndroidManifest.xml:27:9-97
	android:name
		ADDED from [com.instabug.library:instabug:4.0.2] AndroidManifest.xml:27:18-94
service#com.instabug.library.network.worker.fetcher.InstabugFeaturesFetcherService
ADDED from [com.instabug.library:instabug:4.0.2] AndroidManifest.xml:28:9-110
	android:name
		ADDED from [com.instabug.library:instabug:4.0.2] AndroidManifest.xml:28:18-107
service#com.instabug.library.surveys.network.service.InstabugSurveysSubmitterService
ADDED from [com.instabug.library:instabug:4.0.2] AndroidManifest.xml:29:9-112
	android:name
		ADDED from [com.instabug.library:instabug:4.0.2] AndroidManifest.xml:29:18-109
service#com.instabug.library.internal.video.VideoProcessingService
ADDED from [com.instabug.library:instabug:4.0.2] AndroidManifest.xml:30:9-94
	android:name
		ADDED from [com.instabug.library:instabug:4.0.2] AndroidManifest.xml:30:18-91
receiver#com.instabug.library.network.InstabugNetworkReceiver
ADDED from [com.instabug.library:instabug:4.0.2] AndroidManifest.xml:32:9-36:20
	android:name
		ADDED from [com.instabug.library:instabug:4.0.2] AndroidManifest.xml:32:19-86
intent-filter#android.net.conn.CONNECTIVITY_CHANGE
ADDED from [com.instabug.library:instabug:4.0.2] AndroidManifest.xml:33:13-35:29
action#android.net.conn.CONNECTIVITY_CHANGE
ADDED from [com.instabug.library:instabug:4.0.2] AndroidManifest.xml:34:17-79
	android:name
		ADDED from [com.instabug.library:instabug:4.0.2] AndroidManifest.xml:34:25-76